This is pdfTeX, Version 3.1415926-2.5-1.40.14 (TeX Live 2013/Debian) (format=pdflatex 2017.4.24)  2 OCT 2017 13:59
entering extended mode
 restricted \write18 enabled.
 file:line:error style messages enabled.
 %&-line parsing enabled.
**/home/nemogiftsun/thesis2017/thesis2017/chapters/rc_inertial_params/RobustCon
troller.tex

(/home/nemogiftsun/thesis2017/thesis2017/chapters/rc_inertial_params/RobustCont
roller.tex
LaTeX2e <2011/06/27>
Babel <3.9h> and hyphenation patterns for 4 languages loaded.

! LaTeX Error: File `StyleThese.cls' not found.

Type X to quit or <RETURN> to proceed,
or enter new name. (Default extension: cls)

Enter file name: 
/home/nemogiftsun/thesis2017/thesis2017/chapters/rc_inertial_params/RobustContr
oller.tex:4: Emergency stop.
<read *> 
         
l.4 \include
            {formatAndDefs}^^M
*** (cannot \read from terminal in nonstop modes)

 
Here is how much of TeX's memory you used:
 11 strings out of 494989
 440 string characters out of 6180577
 46094 words of memory out of 5000000
 3325 multiletter control sequences out of 15000+600000
 3640 words of font info for 14 fonts, out of 8000000 for 9000
 36 hyphenation exceptions out of 8191
 10i,0n,7p,139b,8s stack positions out of 5000i,500n,10000p,200000b,80000s
/home/nemogiftsun/thesis2017/thesis2017/chapters/rc_inertial_params/RobustContr
oller.tex:4:  ==> Fatal error occurred, no output PDF file produced!
